<?xml version="1.0" encoding="UTF-8" ?>
<testsuite failures="0" time="9.332" errors="2" skipped="0" tests="13" name="com.sopragroup.cco.tf.web.steps.GestdocTest">
  <properties>
[...]
</properties>
  <testcase time="0" classname="Scenario: accueil url en dur" name="Given Sur la page \&apos;Accueil\&apos; URL \&apos;http:\/\/localhost:8080\&apos;"/>
  <testcase time="0" classname="Scenario: accueil url en dur" name="When ACCU01 Cliquer sur le bouton \&apos;Continuer\&apos;"/>
  <testcase time="0" classname="Scenario: accueil url en dur" name="Then La page \&apos;Menu Principale MP001\&apos; s\&apos;affiche"/>
  <testcase time="0.219" classname="Scenario: accueil url en dur" name="Scenario: accueil url en dur"/>
  <testcase time="0" classname="Scenario: accueil avec url en variable d\&apos;environnement" name="Given Sur la page \&apos;Accueil\&apos; URL \&apos;ENV:URL_HOME\&apos;"/>
  <testcase time="0" classname="Scenario: accueil avec url en variable d\&apos;environnement" name="When ACCU01 Cliquer sur le bouton \&apos;Continuer\&apos;"/>
  <testcase time="0" classname="Scenario: accueil avec url en variable d\&apos;environnement" name="Then La page \&apos;Menu Principale MP001\&apos; s\&apos;affiche"/>
  <testcase time="0.187" classname="Scenario: accueil avec url en variable d\&apos;environnement" name="Scenario: accueil avec url en variable d\&apos;environnement"/>
  <testcase time="0" classname="Scenario: Commander un Koi" name="Given Sur la page \&apos;Accueil\&apos; URL \&apos;ENV:URL_HOME\&apos;"/>
  <testcase time="0" classname="Scenario: Commander un Koi" name="When ACCU01 Cliquer sur le bouton \&apos;Continuer\&apos;"/>
  <testcase time="0" classname="Scenario: Commander un Koi" name="Then La page \&apos;Menu Principale MP001\&apos; s\&apos;affiche"/>
  <testcase time="0" classname="Scenario: Commander un Koi" name="Then PRIN01 Acceder au catalogue \&apos;Poisson\&apos;">
    <error message="Unresolved compilation problem: 
	The type PagePrincipaleSel must implement the inherited abstract method PagePrincipaleInterf.BtImage(String)
" type="java.lang.Error">java.lang.Error: Unresolved compilation problem: 
	The type PagePrincipaleSel must implement the inherited abstract method PagePrincipaleInterf.BtImage(String)

	at com.sopragroup.cco.tf.web.pages.PagePrincipaleSel.BtImage(PagePrincipaleSel.java:12)
	at com.sopragroup.cco.tf.web.steps.PagePrincipalStep.accescatalogue(PagePrincipalStep.java:44)
	at ✽.Then PRIN01 Acceder au catalogue &apos;Poisson&apos;(com\sopragroup\cco\tf\web\steps\login\AccueilMinimum.feature:19)
</error>
  </testcase>
  <testcase time="0" classname="Scenario: Commander un Koi" name="Scenario: Commander un Koi">
    <error message="Unresolved compilation problem: 
	The type PagePrincipaleSel must implement the inherited abstract method PagePrincipaleInterf.BtImage(String)
" type="java.lang.Error">java.lang.Error: Unresolved compilation problem: 
	The type PagePrincipaleSel must implement the inherited abstract method PagePrincipaleInterf.BtImage(String)

	at com.sopragroup.cco.tf.web.pages.PagePrincipaleSel.BtImage(PagePrincipaleSel.java:12)
	at com.sopragroup.cco.tf.web.steps.PagePrincipalStep.accescatalogue(PagePrincipalStep.java:44)
	at ✽.Then PRIN01 Acceder au catalogue &apos;Poisson&apos;(com\sopragroup\cco\tf\web\steps\login\AccueilMinimum.feature:19)
</error>
  </testcase>
</testsuite>